<?xml version="1.0" encoding="UTF-8"?>
<testsuite xmlns:xsi="http://www.w3.org/2001/XMLSchema-instance" xsi:noNamespaceSchemaLocation="https://maven.apache.org/surefire/maven-surefire-plugin/xsd/surefire-test-report-3.0.xsd" version="3.0" name="com.blog.BlogApp.BlogAppApplicationTests" time="5.624" tests="1" errors="0" skipped="0" failures="0">
  <properties>
[...]
</properties>
  <testcase name="contextLoads" classname="com.blog.BlogApp.BlogAppApplicationTests" time="0.765">
    <system-out><![CDATA[13:33:47.515 [main] INFO org.springframework.test.context.support.AnnotationConfigContextLoaderUtils -- Could not detect default configuration classes for test class [com.blog.BlogApp.BlogAppApplicationTests]: BlogAppApplicationTests does not declare any static, non-private, non-final, nested classes annotated with @Configuration.
13:33:47.600 [main] INFO org.springframework.boot.test.context.SpringBootTestContextBootstrapper -- Found @SpringBootConfiguration com.blog.BlogApp.BlogAppApplication for test class com.blog.BlogApp.BlogAppApplicationTests

  .   ____          _            __ _ _
 /\\ / ___'_ __ _ _(_)_ __  __ _ \ \ \ \
( ( )\___ | '_ | '_| | '_ \/ _` | \ \ \ \
 \\/  ___)| |_)| | | | | || (_| |  ) ) ) )
  '  |____| .__|_| |_|_| |_\__, | / / / /
 =========|_|==============|___/=/_/_/_/
 :: Spring Boot ::                (v3.1.1)

2023-07-01T13:33:48.016+05:30  INFO 11212 --- [           main] c.blog.BlogApp.BlogAppApplicationTests   : Starting BlogAppApplicationTests using Java 17.0.7 with PID 11212 (started by Lenovo in C:\Users\Lenovo\Documents\workspace-spring-tool-suite-4\Blog-App)
2023-07-01T13:33:48.018+05:30  INFO 11212 --- [           main] c.blog.BlogApp.BlogAppApplicationTests   : No active profile set, falling back to 1 default profile: "default"
2023-07-01T13:33:48.561+05:30  INFO 11212 --- [           main] .s.d.r.c.RepositoryConfigurationDelegate : Bootstrapping Spring Data JPA repositories in DEFAULT mode.
2023-07-01T13:33:48.583+05:30  INFO 11212 --- [           main] .s.d.r.c.RepositoryConfigurationDelegate : Finished Spring Data repository scanning in 14 ms. Found 0 JPA repository interfaces.
2023-07-01T13:33:49.064+05:30  INFO 11212 --- [           main] o.hibernate.jpa.internal.util.LogHelper  : HHH000204: Processing PersistenceUnitInfo [name: default]
2023-07-01T13:33:49.125+05:30  INFO 11212 --- [           main] org.hibernate.Version                    : HHH000412: Hibernate ORM core version 6.2.5.Final
2023-07-01T13:33:49.129+05:30  INFO 11212 --- [           main] org.hibernate.cfg.Environment            : HHH000406: Using bytecode reflection optimizer
2023-07-01T13:33:49.347+05:30  INFO 11212 --- [           main] o.h.b.i.BytecodeProviderInitiator        : HHH000021: Bytecode provider name : bytebuddy
2023-07-01T13:33:49.481+05:30  INFO 11212 --- [           main] o.s.o.j.p.SpringPersistenceUnitInfo      : No LoadTimeWeaver setup: ignoring JPA class transformer
2023-07-01T13:33:49.498+05:30  INFO 11212 --- [           main] com.zaxxer.hikari.HikariDataSource       : HikariPool-1 - Starting...
2023-07-01T13:33:49.674+05:30  INFO 11212 --- [           main] com.zaxxer.hikari.pool.HikariPool        : HikariPool-1 - Added connection com.mysql.cj.jdbc.ConnectionImpl@4c2ab536
2023-07-01T13:33:49.677+05:30  INFO 11212 --- [           main] com.zaxxer.hikari.HikariDataSource       : HikariPool-1 - Start completed.
2023-07-01T13:33:49.721+05:30  WARN 11212 --- [           main] org.hibernate.orm.deprecation            : HHH90000026: MySQL8Dialect has been deprecated; use org.hibernate.dialect.MySQLDialect instead
2023-07-01T13:33:49.926+05:30  INFO 11212 --- [           main] o.h.b.i.BytecodeProviderInitiator        : HHH000021: Bytecode provider name : bytebuddy
2023-07-01T13:33:50.434+05:30  INFO 11212 --- [           main] o.h.e.t.j.p.i.JtaPlatformInitiator       : HHH000490: Using JtaPlatform implementation: [org.hibernate.engine.transaction.jta.platform.internal.NoJtaPlatform]
Hibernate: drop table if exists post
Hibernate: drop table if exists user
Hibernate: create table post (created_on datetime(6), id bigint not null auto_increment, updated_on datetime(6), title varchar(255), username varchar(255), content tinytext, primary key (id)) engine=InnoDB
Hibernate: create table user (id bigint not null auto_increment, email varchar(255), password varchar(255), user_name varchar(255), primary key (id)) engine=InnoDB
2023-07-01T13:33:51.447+05:30  INFO 11212 --- [           main] j.LocalContainerEntityManagerFactoryBean : Initialized JPA EntityManagerFactory for persistence unit 'default'
2023-07-01T13:33:51.603+05:30  WARN 11212 --- [           main] JpaBaseConfiguration$JpaWebConfiguration : spring.jpa.open-in-view is enabled by default. Therefore, database queries may be performed during view rendering. Explicitly configure spring.jpa.open-in-view to disable this warning
2023-07-01T13:33:52.002+05:30  WARN 11212 --- [           main] .s.s.UserDetailsServiceAutoConfiguration : 

Using generated security password: da7ed72e-c18d-4827-9897-df958cabab13

This generated password is for development use only. Your security configuration must be updated before running your application in production.

2023-07-01T13:33:52.150+05:30  INFO 11212 --- [           main] o.s.s.web.DefaultSecurityFilterChain     : Will secure any request with [org.springframework.security.web.session.DisableEncodeUrlFilter@7369208e, org.springframework.security.web.context.request.async.WebAsyncManagerIntegrationFilter@7ba623d1, org.springframework.security.web.context.SecurityContextHolderFilter@215404a1, org.springframework.security.web.header.HeaderWriterFilter@451cef67, org.springframework.security.web.csrf.CsrfFilter@1fb61db4, org.springframework.security.web.authentication.logout.LogoutFilter@6fd37997, org.springframework.security.web.authentication.UsernamePasswordAuthenticationFilter@40ebb56, org.springframework.security.web.authentication.ui.DefaultLoginPageGeneratingFilter@12051d38, org.springframework.security.web.authentication.ui.DefaultLogoutPageGeneratingFilter@2d5435d4, org.springframework.security.web.authentication.www.BasicAuthenticationFilter@28941a68, org.springframework.security.web.savedrequest.RequestCacheAwareFilter@4a977146, org.springframework.security.web.servletapi.SecurityContextHolderAwareRequestFilter@3f5e64c9, org.springframework.security.web.authentication.AnonymousAuthenticationFilter@6dbdbb69, org.springframework.security.web.access.ExceptionTranslationFilter@5cea47a1, org.springframework.security.web.access.intercept.AuthorizationFilter@3da55998]
2023-07-01T13:33:52.192+05:30  INFO 11212 --- [           main] c.blog.BlogApp.BlogAppApplicationTests   : Started BlogAppApplicationTests in 4.436 seconds (process running for 5.396)
]]></system-out>
  </testcase>
</testsuite>